<?xml version="1.0" encoding="UTF-8"?>
<!-- Generated by org.testng.reporters.JUnitReportReporter -->
<testsuite skipped="0" hostname="LAPTOP-EFHEOHBS" name="org.para.Q1" tests="5" failures="0" timestamp="19 Jul 2022 14:58:36 GMT" time="13.633" errors="0">
  <testcase name="m1" time="4.948" classname="org.para.Q1"/>
  <testcase name="m1" time="2.282" classname="org.para.Q1"/>
  <testcase name="m1" time="2.071" classname="org.para.Q1"/>
  <testcase name="m1" time="2.439" classname="org.para.Q1"/>
  <testcase name="m1" time="1.893" classname="org.para.Q1"/>
</testsuite> <!-- org.para.Q1 -->
