<?xml version="1.0" encoding="UTF-8"?>
<!-- Generated by org.testng.reporters.JUnitReportReporter -->
<testsuite skipped="0" hostname="LAPTOP-EFHEOHBS" name="org.para.Q2" tests="3" failures="0" timestamp="19 Jul 2022 13:59:39 GMT" time="0.310" errors="0">
  <testcase name="p1" time="0.007" classname="org.para.Q2"/>
  <testcase name="p3" time="0.001" classname="org.para.Q2"/>
  <testcase name="p2" time="0.302" classname="org.para.Q2"/>
</testsuite> <!-- org.para.Q2 -->
